16:17:13,694 - chkImageSave1_CheckedChanged : true
16:17:13,704 - chkGrpSave1_CheckedChanged : true
16:17:14,449 - 프로그램 실행
16:17:24,289 - Form Load "Setting" 
16:17:56,425 - btnLog_Path_Click : 경로지정 - D:\test_Log\Log
16:17:59,788 - btnApply_Click : 적용
16:18:03,257 - btnClose_Click : Form Close
16:18:44,393 - Form Load "Setting" 
16:18:45,922 - btnClose_Click : Form Close
16:18:46,819 - Form Load "Setting" 
16:18:47,697 - btnClose_Click : Form Close
16:18:48,927 - btnInit_Click : 취소
16:18:49,396 - Form Load "Setting" 
16:18:50,363 - btnClose_Click : Form Close
16:18:50,957 - Form Load "Setting" 
16:18:51,745 - btnClose_Click : Form Close
16:18:52,394 - Form Load "Setting" 
16:18:53,358 - btnClose_Click : Form Close
16:18:54,766 - btnInit_Click : 취소
16:18:55,282 - Form Load "Setting" 
16:18:56,120 - btnClose_Click : Form Close
16:18:57,495 - btnInit_Click : 취소
16:19:06,457 - 프로그램 종료
