2019-09-25 15:57:31,597 - chkImageSave1_CheckedChanged : true
2019-09-25 15:57:31,612 - chkGrpSave1_CheckedChanged : true
2019-09-25 15:57:31,909 - 프로그램 실행
2019-09-25 15:57:56,969 - 프로그램 종료
2019-09-25 17:11:27,837 - chkImageSave1_CheckedChanged : true
2019-09-25 17:11:27,849 - chkGrpSave1_CheckedChanged : true
2019-09-25 17:11:28,205 - 프로그램 실행
2019-09-25 17:11:40,843 - 프로그램 종료
2019-09-25 17:18:17,021 - chkImageSave1_CheckedChanged : true
2019-09-25 17:18:17,034 - chkGrpSave1_CheckedChanged : true
2019-09-25 17:18:17,312 - 프로그램 실행
2019-09-25 17:19:30,994 - 프로그램 종료
2019-09-25 17:23:40,259 - chkImageSave1_CheckedChanged : true
2019-09-25 17:23:40,271 - chkGrpSave1_CheckedChanged : true
2019-09-25 17:23:40,535 - 프로그램 실행
2019-09-25 17:33:36,905 - chkImageSave1_CheckedChanged : true
2019-09-25 17:33:36,918 - chkGrpSave1_CheckedChanged : true
2019-09-25 17:33:37,226 - 프로그램 실행
2019-09-25 17:34:33,341 - 프로그램 종료
2019-09-25 17:35:07,863 - chkImageSave1_CheckedChanged : true
2019-09-25 17:35:07,879 - chkGrpSave1_CheckedChanged : true
2019-09-25 17:35:08,303 - 프로그램 실행
2019-09-25 17:35:16,362 - 프로그램 종료
2019-09-25 17:38:58,311 - chkImageSave1_CheckedChanged : true
2019-09-25 17:38:58,331 - chkGrpSave1_CheckedChanged : true
2019-09-25 17:38:58,743 - 프로그램 실행
2019-09-25 17:39:26,723 - Form Load "Setting" 
2019-09-25 17:39:40,901 - 프로그램 종료
2019-09-25 17:40:02,489 - chkImageSave1_CheckedChanged : true
2019-09-25 17:40:02,501 - chkGrpSave1_CheckedChanged : true
2019-09-25 17:40:02,790 - 프로그램 실행
2019-09-25 19:23:28,695 - 프로그램 종료
2019-09-25 19:57:23,815 - chkImageSave1_CheckedChanged : true
2019-09-25 19:57:23,828 - chkGrpSave1_CheckedChanged : true
2019-09-25 19:57:24,120 - 프로그램 실행
2019-09-25 19:57:41,756 - 프로그램 종료
